#
# There is insufficient memory for the Java Runtime Environment to continue.
# Native memory allocation (malloc) failed to allocate 2237136896 bytes for committing reserved memory.
# Possible reasons:
#   The system is out of physical RAM or swap space
#   In 32 bit mode, the process size limit was hit
# Possible solutions:
#   Reduce memory load on the system
#   Increase physical memory or swap space
#   Check if swap backing store is full
#   Use 64 bit Java on a 64 bit OS
#   Decrease Java heap size (-Xmx/-Xms)
#   Decrease number of Java threads
#   Decrease Java thread stack sizes (-Xss)
#   Set larger code cache with -XX:ReservedCodeCacheSize=
# This output file may be truncated or incomplete.
#
#  Out of Memory Error (os_linux.cpp:2809), pid=7109, tid=140151792387840
#
# JRE version:  (7.0_79-b14) (build )
# Java VM: OpenJDK 64-Bit Server VM (24.79-b02 mixed mode linux-amd64 compressed oops)
# Derivative: IcedTea 2.5.6
# Distribution: Ubuntu 14.04 LTS, package 7u79-2.5.6-0ubuntu1.14.04.1
# Failed to write core dump. Core dumps have been disabled. To enable core dumping, try "ulimit -c unlimited" before starting Java again
#

---------------  T H R E A D  ---------------

Current thread (0x00007f779800a000):  JavaThread "Unknown thread" [_thread_in_vm, id=7153, stack(0x00007f77a1bcc000,0x00007f77a1ccd000)]

Stack: [0x00007f77a1bcc000,0x00007f77a1ccd000],  sp=0x00007f77a1ccb4b0,  free space=1021k
Native frames: (J=compiled Java code, j=interpreted, Vv=VM code, C=native code)
V  [libjvm.so+0x94afd5]  VMError::report_and_die()+0x175
V  [libjvm.so+0x48b9f4]  report_vm_out_of_memory(char const*, int, unsigned long, char const*)+0x74
V  [libjvm.so+0x7c809b]  os::pd_commit_memory(char*, unsigned long, unsigned long, bool)+0xeb
V  [libjvm.so+0x7c2b3f]  os::commit_memory(char*, unsigned long, unsigned long, bool)+0x1f
V  [libjvm.so+0x83503b]  PSVirtualSpace::expand_by(unsigned long)+0x5b
V  [libjvm.so+0x835dab]  PSYoungGen::initialize_virtual_space(ReservedSpace, unsigned long)+0xbb
V  [libjvm.so+0x836480]  PSYoungGen::initialize(ReservedSpace, unsigned long)+0x50
V  [libjvm.so+0x2a5792]  AdjoiningGenerations::AdjoiningGenerations(ReservedSpace, unsigned long, unsigned long, unsigned long, unsigned long, unsigned long, unsigned long, unsigned long)+0x342
V  [libjvm.so+0x7e8590]  ParallelScavengeHeap::initialize()+0x5b0
V  [libjvm.so+0x91ba47]  Universe::initialize_heap()+0xc7
V  [libjvm.so+0x91bd77]  universe_init()+0x67
V  [libjvm.so+0x59d2d5]  init_globals()+0x55
V  [libjvm.so+0x8fe75f]  Threads::create_vm(JavaVMInitArgs*, bool*)+0x35f
V  [libjvm.so+0x608654]  JNI_CreateJavaVM+0x54
C  [libjli.so+0x2b48]


---------------  P R O C E S S  ---------------

Java Threads: ( => current thread )

Other Threads:

=>0x00007f779800a000 (exited) JavaThread "Unknown thread" [_thread_in_vm, id=7153, stack(0x00007f77a1bcc000,0x00007f77a1ccd000)]

VM state:not at safepoint (not fully initialized)

VM Mutex/Monitor currently owned by a thread: None

GC Heap History (0 events):
No events

Deoptimization events (0 events):
No events

Internal exceptions (0 events):
No events

Events (0 events):
No events


Dynamic libraries:
00400000-00401000 r-xp 00000000 ca:01 525640                             /usr/lib/jvm/java-7-openjdk-amd64/jre/bin/java
00600000-00601000 r--p 00000000 ca:01 525640                             /usr/lib/jvm/java-7-openjdk-amd64/jre/bin/java
00601000-00602000 rw-p 00001000 ca:01 525640                             /usr/lib/jvm/java-7-openjdk-amd64/jre/bin/java
01452000-01473000 rw-p 00000000 00:00 0                                  [heap]
65ff80000-77aa80000 rw-p 00000000 00:00 0 
7f7795000000-7f7795270000 rwxp 00000000 00:00 0 
7f7795270000-7f7798022000 rw-p 00000000 00:00 0 
7f7798022000-7f779c000000 ---p 00000000 00:00 0 
7f779d8c3000-7f779dafd000 rw-p 00000000 00:00 0 
7f779dafd000-7f779e7fd000 rw-p 00000000 00:00 0 
7f779e7fd000-7f779e7fe000 rw-p 00000000 00:00 0 
7f779e7fe000-7f779e806000 r-xp 00000000 ca:01 525561                     /usr/lib/jvm/java-7-openjdk-amd64/jre/lib/amd64/libzip.so
7f779e806000-7f779ea05000 ---p 00008000 ca:01 525561                     /usr/lib/jvm/java-7-openjdk-amd64/jre/lib/amd64/libzip.so
7f779ea05000-7f779ea06000 r--p 00007000 ca:01 525561                     /usr/lib/jvm/java-7-openjdk-amd64/jre/lib/amd64/libzip.so
7f779ea06000-7f779ea07000 rw-p 00008000 ca:01 525561                     /usr/lib/jvm/java-7-openjdk-amd64/jre/lib/amd64/libzip.so
7f779ea07000-7f779ea12000 r-xp 00000000 ca:01 396074                     /lib/x86_64-linux-gnu/libnss_files-2.19.so
7f779ea12000-7f779ec11000 ---p 0000b000 ca:01 396074                     /lib/x86_64-linux-gnu/libnss_files-2.19.so
7f779ec11000-7f779ec12000 r--p 0000a000 ca:01 396074                     /lib/x86_64-linux-gnu/libnss_files-2.19.so
7f779ec12000-7f779ec13000 rw-p 0000b000 ca:01 396074                     /lib/x86_64-linux-gnu/libnss_files-2.19.so
7f779ec13000-7f779ec1e000 r-xp 00000000 ca:01 396076                     /lib/x86_64-linux-gnu/libnss_nis-2.19.so
7f779ec1e000-7f779ee1d000 ---p 0000b000 ca:01 396076                     /lib/x86_64-linux-gnu/libnss_nis-2.19.so
7f779ee1d000-7f779ee1e000 r--p 0000a000 ca:01 396076                     /lib/x86_64-linux-gnu/libnss_nis-2.19.so
7f779ee1e000-7f779ee1f000 rw-p 0000b000 ca:01 396076                     /lib/x86_64-linux-gnu/libnss_nis-2.19.so
7f779ee1f000-7f779ee36000 r-xp 00000000 ca:01 396071                     /lib/x86_64-linux-gnu/libnsl-2.19.so
7f779ee36000-7f779f035000 ---p 00017000 ca:01 396071                     /lib/x86_64-linux-gnu/libnsl-2.19.so
7f779f035000-7f779f036000 r--p 00016000 ca:01 396071                     /lib/x86_64-linux-gnu/libnsl-2.19.so
7f779f036000-7f779f037000 rw-p 00017000 ca:01 396071                     /lib/x86_64-linux-gnu/libnsl-2.19.so
7f779f037000-7f779f039000 rw-p 00000000 00:00 0 
7f779f039000-7f779f042000 r-xp 00000000 ca:01 396072                     /lib/x86_64-linux-gnu/libnss_compat-2.19.so
7f779f042000-7f779f241000 ---p 00009000 ca:01 396072                     /lib/x86_64-linux-gnu/libnss_compat-2.19.so
7f779f241000-7f779f242000 r--p 00008000 ca:01 396072                     /lib/x86_64-linux-gnu/libnss_compat-2.19.so
7f779f242000-7f779f243000 rw-p 00009000 ca:01 396072                     /lib/x86_64-linux-gnu/libnss_compat-2.19.so
7f779f243000-7f779f26e000 r-xp 00000000 ca:01 525598                     /usr/lib/jvm/java-7-openjdk-amd64/jre/lib/amd64/libjava.so
7f779f26e000-7f779f46d000 ---p 0002b000 ca:01 525598                     /usr/lib/jvm/java-7-openjdk-amd64/jre/lib/amd64/libjava.so
7f779f46d000-7f779f46e000 r--p 0002a000 ca:01 525598                     /usr/lib/jvm/java-7-openjdk-amd64/jre/lib/amd64/libjava.so
7f779f46e000-7f779f470000 rw-p 0002b000 ca:01 525598                     /usr/lib/jvm/java-7-openjdk-amd64/jre/lib/amd64/libjava.so
7f779f470000-7f779f480000 r-xp 00000000 ca:01 525579                     /usr/lib/jvm/java-7-openjdk-amd64/jre/lib/amd64/libverify.so
7f779f480000-7f779f67f000 ---p 00010000 ca:01 525579                     /usr/lib/jvm/java-7-openjdk-amd64/jre/lib/amd64/libverify.so
7f779f67f000-7f779f681000 r--p 0000f000 ca:01 525579                     /usr/lib/jvm/java-7-openjdk-amd64/jre/lib/amd64/libverify.so
7f779f681000-7f779f682000 rw-p 00011000 ca:01 525579                     /usr/lib/jvm/java-7-openjdk-amd64/jre/lib/amd64/libverify.so
7f779f682000-7f779f689000 r-xp 00000000 ca:01 396096                     /lib/x86_64-linux-gnu/librt-2.19.so
7f779f689000-7f779f888000 ---p 00007000 ca:01 396096                     /lib/x86_64-linux-gnu/librt-2.19.so
7f779f888000-7f779f889000 r--p 00006000 ca:01 396096                     /lib/x86_64-linux-gnu/librt-2.19.so
7f779f889000-7f779f88a000 rw-p 00007000 ca:01 396096                     /lib/x86_64-linux-gnu/librt-2.19.so
7f779f88a000-7f779f8a0000 r-xp 00000000 ca:01 396054                     /lib/x86_64-linux-gnu/libgcc_s.so.1
7f779f8a0000-7f779fa9f000 ---p 00016000 ca:01 396054                     /lib/x86_64-linux-gnu/libgcc_s.so.1
7f779fa9f000-7f779faa0000 rw-p 00015000 ca:01 396054                     /lib/x86_64-linux-gnu/libgcc_s.so.1
7f779faa0000-7f779fba5000 r-xp 00000000 ca:01 396063                     /lib/x86_64-linux-gnu/libm-2.19.so
7f779fba5000-7f779fda4000 ---p 00105000 ca:01 396063                     /lib/x86_64-linux-gnu/libm-2.19.so
7f779fda4000-7f779fda5000 r--p 00104000 ca:01 396063                     /lib/x86_64-linux-gnu/libm-2.19.so
7f779fda5000-7f779fda6000 rw-p 00105000 ca:01 396063                     /lib/x86_64-linux-gnu/libm-2.19.so
7f779fda6000-7f779fe8c000 r-xp 00000000 ca:01 284                        /usr/lib/x86_64-linux-gnu/libstdc++.so.6.0.19
7f779fe8c000-7f77a008b000 ---p 000e6000 ca:01 284                        /usr/lib/x86_64-linux-gnu/libstdc++.so.6.0.19
7f77a008b000-7f77a0093000 r--p 000e5000 ca:01 284                        /usr/lib/x86_64-linux-gnu/libstdc++.so.6.0.19
7f77a0093000-7f77a0095000 rw-p 000ed000 ca:01 284                        /usr/lib/x86_64-linux-gnu/libstdc++.so.6.0.19
7f77a0095000-7f77a00aa000 rw-p 00000000 00:00 0 
7f77a00aa000-7f77a0bc3000 r-xp 00000000 ca:01 525567                     /usr/lib/jvm/java-7-openjdk-amd64/jre/lib/amd64/server/libjvm.so
7f77a0bc3000-7f77a0dc3000 ---p 00b19000 ca:01 525567                     /usr/lib/jvm/java-7-openjdk-amd64/jre/lib/amd64/server/libjvm.so
7f77a0dc3000-7f77a0e5d000 r--p 00b19000 ca:01 525567                     /usr/lib/jvm/java-7-openjdk-amd64/jre/lib/amd64/server/libjvm.so
7f77a0e5d000-7f77a0e80000 rw-p 00bb3000 ca:01 525567                     /usr/lib/jvm/java-7-openjdk-amd64/jre/lib/amd64/server/libjvm.so
7f77a0e80000-7f77a0eae000 rw-p 00000000 00:00 0 
7f77a0eae000-7f77a0ec6000 r-xp 00000000 ca:01 396113                     /lib/x86_64-linux-gnu/libz.so.1.2.8
7f77a0ec6000-7f77a10c5000 ---p 00018000 ca:01 396113                     /lib/x86_64-linux-gnu/libz.so.1.2.8
7f77a10c5000-7f77a10c6000 r--p 00017000 ca:01 396113                     /lib/x86_64-linux-gnu/libz.so.1.2.8
7f77a10c6000-7f77a10c7000 rw-p 00018000 ca:01 396113                     /lib/x86_64-linux-gnu/libz.so.1.2.8
7f77a10c7000-7f77a10e0000 r-xp 00000000 ca:01 396093                     /lib/x86_64-linux-gnu/libpthread-2.19.so
7f77a10e0000-7f77a12df000 ---p 00019000 ca:01 396093                     /lib/x86_64-linux-gnu/libpthread-2.19.so
7f77a12df000-7f77a12e0000 r--p 00018000 ca:01 396093                     /lib/x86_64-linux-gnu/libpthread-2.19.so
7f77a12e0000-7f77a12e1000 rw-p 00019000 ca:01 396093                     /lib/x86_64-linux-gnu/libpthread-2.19.so
7f77a12e1000-7f77a12e5000 rw-p 00000000 00:00 0 
7f77a12e5000-7f77a12e8000 r-xp 00000000 ca:01 396049                     /lib/x86_64-linux-gnu/libdl-2.19.so
7f77a12e8000-7f77a14e7000 ---p 00003000 ca:01 396049                     /lib/x86_64-linux-gnu/libdl-2.19.so
7f77a14e7000-7f77a14e8000 r--p 00002000 ca:01 396049                     /lib/x86_64-linux-gnu/libdl-2.19.so
7f77a14e8000-7f77a14e9000 rw-p 00003000 ca:01 396049                     /lib/x86_64-linux-gnu/libdl-2.19.so
7f77a14e9000-7f77a16a4000 r-xp 00000000 ca:01 396040                     /lib/x86_64-linux-gnu/libc-2.19.so
7f77a16a4000-7f77a18a3000 ---p 001bb000 ca:01 396040                     /lib/x86_64-linux-gnu/libc-2.19.so
7f77a18a3000-7f77a18a7000 r--p 001ba000 ca:01 396040                     /lib/x86_64-linux-gnu/libc-2.19.so
7f77a18a7000-7f77a18a9000 rw-p 001be000 ca:01 396040                     /lib/x86_64-linux-gnu/libc-2.19.so
7f77a18a9000-7f77a18ae000 rw-p 00000000 00:00 0 
7f77a18ae000-7f77a18bb000 r-xp 00000000 ca:01 525564                     /usr/lib/jvm/java-7-openjdk-amd64/jre/lib/amd64/jli/libjli.so
7f77a18bb000-7f77a1aba000 ---p 0000d000 ca:01 525564                     /usr/lib/jvm/java-7-openjdk-amd64/jre/lib/amd64/jli/libjli.so
7f77a1aba000-7f77a1abb000 r--p 0000c000 ca:01 525564                     /usr/lib/jvm/java-7-openjdk-amd64/jre/lib/amd64/jli/libjli.so
7f77a1abb000-7f77a1abc000 rw-p 0000d000 ca:01 525564                     /usr/lib/jvm/java-7-openjdk-amd64/jre/lib/amd64/jli/libjli.so
7f77a1abc000-7f77a1adf000 r-xp 00000000 ca:01 396030                     /lib/x86_64-linux-gnu/ld-2.19.so
7f77a1b0a000-7f77a1b16000 rw-p 00000000 00:00 0 
7f77a1b16000-7f77a1bcc000 rw-p 00000000 00:00 0 
7f77a1bcc000-7f77a1bcf000 ---p 00000000 00:00 0 
7f77a1bcf000-7f77a1cd2000 rw-p 00000000 00:00 0                          [stack:7153]
7f77a1cd2000-7f77a1cda000 rw-s 00000000 ca:01 528245                     /tmp/hsperfdata_ubuntu/7109
7f77a1cda000-7f77a1cdb000 rw-p 00000000 00:00 0 
7f77a1cdb000-7f77a1cdc000 r--p 00000000 00:00 0 
7f77a1cdc000-7f77a1cde000 rw-p 00000000 00:00 0 
7f77a1cde000-7f77a1cdf000 r--p 00022000 ca:01 396030                     /lib/x86_64-linux-gnu/ld-2.19.so
7f77a1cdf000-7f77a1ce0000 rw-p 00023000 ca:01 396030                     /lib/x86_64-linux-gnu/ld-2.19.so
7f77a1ce0000-7f77a1ce1000 rw-p 00000000 00:00 0 
7fff7b77f000-7fff7b7a0000 rw-p 00000000 00:00 0                          [stack]
7fff7b7f8000-7fff7b7fa000 r-xp 00000000 00:00 0                          [vdso]
ffffffffff600000-ffffffffff601000 r-xp 00000000 00:00 0                  [vsyscall]

VM Arguments:
jvm_args: -Xms6400M -Xmx6400M -XX:MaxPermSize=256m 
java_command: org.apache.spark.deploy.SparkSubmit --master spark://ip-172-31-45-91:7077 --conf spark.driver.memory=6400M --executor-memory 6400M pyspark-shell
Launcher Type: SUN_STANDARD

Environment Variables:
JAVA_HOME=/usr
PATH=/usr/local/sbin:/usr/local/bin:/usr/sbin:/usr/bin:/sbin:/bin:/usr/games:/usr/local/games:/usr/bin:/usr/local/hadoop/bin:/usr/bin:/usr/local/hadoop/bin:/usr/local/spark/bin:/usr/bin:/usr/local/hadoop/bin:/usr/local/spark/bin:/usr/bin:/usr/local/hadoop/bin:/usr/local/spark/bin
SHELL=/bin/bash

Signal Handlers:
SIGSEGV: [libjvm.so+0x94bab0], sa_mask[0]=0x7ffbfeff, sa_flags=0x10000004
SIGBUS: [libjvm.so+0x94bab0], sa_mask[0]=0x7ffbfeff, sa_flags=0x10000004
SIGFPE: [libjvm.so+0x7c38b0], sa_mask[0]=0x7ffbfeff, sa_flags=0x10000004
SIGPIPE: [libjvm.so+0x7c38b0], sa_mask[0]=0x7ffbfeff, sa_flags=0x10000004
SIGXFSZ: [libjvm.so+0x7c38b0], sa_mask[0]=0x7ffbfeff, sa_flags=0x10000004
SIGILL: [libjvm.so+0x7c38b0], sa_mask[0]=0x7ffbfeff, sa_flags=0x10000004
SIGUSR1: SIG_DFL, sa_mask[0]=0x00000000, sa_flags=0x00000000
SIGUSR2: [libjvm.so+0x7c3750], sa_mask[0]=0x00000000, sa_flags=0x10000004
SIGHUP: SIG_DFL, sa_mask[0]=0x00000000, sa_flags=0x00000000
SIGINT: SIG_IGN, sa_mask[0]=0x00000000, sa_flags=0x00000000
SIGTERM: SIG_DFL, sa_mask[0]=0x00000000, sa_flags=0x00000000
SIGQUIT: SIG_DFL, sa_mask[0]=0x00000000, sa_flags=0x00000000
SIGTRAP: SIG_DFL, sa_mask[0]=0x00000000, sa_flags=0x00000000


---------------  S Y S T E M  ---------------

OS:Ubuntu 14.04 (trusty)
uname:Linux 3.13.0-48-generic #80-Ubuntu SMP Thu Mar 12 11:16:15 UTC 2015 x86_64
libc:glibc 2.19 NPTL 2.19 
rlimit: STACK 8192k, CORE 0k, NPROC 63794, NOFILE 4096, AS infinity
load average:5.01 3.17 2.69

/proc/meminfo:
MemTotal:        8175600 kB
MemFree:          150108 kB
Buffers:           11220 kB
Cached:            67072 kB
SwapCached:            0 kB
Active:          7847940 kB
Inactive:          49808 kB
Active(anon):    7819648 kB
Inactive(anon):      324 kB
Active(file):      28292 kB
Inactive(file):    49484 kB
Unevictable:           0 kB
Mlocked:               0 kB
SwapTotal:             0 kB
SwapFree:              0 kB
Dirty:               168 kB
Writeback:             0 kB
AnonPages:       7819624 kB
Mapped:            14472 kB
Shmem:               404 kB
Slab:              33428 kB
SReclaimable:      15964 kB
SUnreclaim:        17464 kB
KernelStack:        3744 kB
PageTables:        23264 kB
NFS_Unstable:          0 kB
Bounce:                0 kB
WritebackTmp:          0 kB
CommitLimit:     4087800 kB
Committed_AS:   16538448 kB
VmallocTotal:   34359738367 kB
VmallocUsed:       16204 kB
VmallocChunk:   34359716651 kB
HardwareCorrupted:     0 kB
AnonHugePages:   5443584 kB
HugePages_Total:       0
HugePages_Free:        0
HugePages_Rsvd:        0
HugePages_Surp:        0
Hugepagesize:       2048 kB
DirectMap4k:       30720 kB
DirectMap2M:     8488960 kB


CPU:total 2 (1 cores per cpu, 2 threads per core) family 6 model 63 stepping 2, cmov, cx8, fxsr, mmx, sse, sse2, sse3, ssse3, sse4.1, sse4.2, popcnt, avx, avx2, aes, erms, ht, tsc

/proc/cpuinfo:
processor	: 0
vendor_id	: GenuineIntel
cpu family	: 6
model		: 63
model name	: Intel(R) Xeon(R) CPU E5-2676 v3 @ 2.40GHz
stepping	: 2
microcode	: 0x2b
cpu MHz		: 2400.092
cache size	: 30720 KB
physical id	: 0
siblings	: 2
core id		: 0
cpu cores	: 1
apicid		: 0
initial apicid	: 0
fpu		: yes
fpu_exception	: yes
cpuid level	: 13
wp		: yes
flags		: fpu vme de pse tsc msr pae mce cx8 apic sep mtrr pge mca cmov pat pse36 clflush mmx fxsr sse sse2 ht syscall nx rdtscp lm constant_tsc rep_good nopl xtopology eagerfpu pni pclmulqdq ssse3 fma cx16 pcid sse4_1 sse4_2 x2apic movbe popcnt tsc_deadline_timer aes xsave avx f16c rdrand hypervisor lahf_lm abm xsaveopt fsgsbase bmi1 avx2 smep bmi2 erms invpcid
bogomips	: 4800.18
clflush size	: 64
cache_alignment	: 64
address sizes	: 46 bits physical, 48 bits virtual
power management:

processor	: 1
vendor_id	: GenuineIntel
cpu family	: 6
model		: 63
model name	: Intel(R) Xeon(R) CPU E5-2676 v3 @ 2.40GHz
stepping	: 2
microcode	: 0x2b
cpu MHz		: 2400.092
cache size	: 30720 KB
physical id	: 0
siblings	: 2
core id		: 0
cpu cores	: 1
apicid		: 1
initial apicid	: 1
fpu		: yes
fpu_exception	: yes
cpuid level	: 13
wp		: yes
flags		: fpu vme de pse tsc msr pae mce cx8 apic sep mtrr pge mca cmov pat pse36 clflush mmx fxsr sse sse2 ht syscall nx rdtscp lm constant_tsc rep_good nopl xtopology eagerfpu pni pclmulqdq ssse3 fma cx16 pcid sse4_1 sse4_2 x2apic movbe popcnt tsc_deadline_timer aes xsave avx f16c rdrand hypervisor lahf_lm abm xsaveopt fsgsbase bmi1 avx2 smep bmi2 erms invpcid
bogomips	: 4800.18
clflush size	: 64
cache_alignment	: 64
address sizes	: 46 bits physical, 48 bits virtual
power management:



Memory: 4k page, physical 8175600k(150108k free), swap 0k(0k free)

vm_info: OpenJDK 64-Bit Server VM (24.79-b02) for linux-amd64 JRE (1.7.0_79-b14), built on Jul 24 2015 08:15:54 by "buildd" with gcc 4.8.2

time: Sun Sep 27 18:20:48 2015
elapsed time: 0 seconds

