#
# There is insufficient memory for the Java Runtime Environment to continue.
# Native memory allocation (malloc) failed to allocate 2237136896 bytes for committing reserved memory.
# Possible reasons:
#   The system is out of physical RAM or swap space
#   In 32 bit mode, the process size limit was hit
# Possible solutions:
#   Reduce memory load on the system
#   Increase physical memory or swap space
#   Check if swap backing store is full
#   Use 64 bit Java on a 64 bit OS
#   Decrease Java heap size (-Xmx/-Xms)
#   Decrease number of Java threads
#   Decrease Java thread stack sizes (-Xss)
#   Set larger code cache with -XX:ReservedCodeCacheSize=
# This output file may be truncated or incomplete.
#
#  Out of Memory Error (os_linux.cpp:2809), pid=6961, tid=139901293987584
#
# JRE version:  (7.0_79-b14) (build )
# Java VM: OpenJDK 64-Bit Server VM (24.79-b02 mixed mode linux-amd64 compressed oops)
# Derivative: IcedTea 2.5.6
# Distribution: Ubuntu 14.04 LTS, package 7u79-2.5.6-0ubuntu1.14.04.1
# Failed to write core dump. Core dumps have been disabled. To enable core dumping, try "ulimit -c unlimited" before starting Java again
#

---------------  T H R E A D  ---------------

Current thread (0x00007f3d4800a000):  JavaThread "Unknown thread" [_thread_in_vm, id=7005, stack(0x00007f3d4ede8000,0x00007f3d4eee9000)]

Stack: [0x00007f3d4ede8000,0x00007f3d4eee9000],  sp=0x00007f3d4eee74b0,  free space=1021k
Native frames: (J=compiled Java code, j=interpreted, Vv=VM code, C=native code)
V  [libjvm.so+0x94afd5]  VMError::report_and_die()+0x175
V  [libjvm.so+0x48b9f4]  report_vm_out_of_memory(char const*, int, unsigned long, char const*)+0x74
V  [libjvm.so+0x7c809b]  os::pd_commit_memory(char*, unsigned long, unsigned long, bool)+0xeb
V  [libjvm.so+0x7c2b3f]  os::commit_memory(char*, unsigned long, unsigned long, bool)+0x1f
V  [libjvm.so+0x83503b]  PSVirtualSpace::expand_by(unsigned long)+0x5b
V  [libjvm.so+0x835dab]  PSYoungGen::initialize_virtual_space(ReservedSpace, unsigned long)+0xbb
V  [libjvm.so+0x836480]  PSYoungGen::initialize(ReservedSpace, unsigned long)+0x50
V  [libjvm.so+0x2a5792]  AdjoiningGenerations::AdjoiningGenerations(ReservedSpace, unsigned long, unsigned long, unsigned long, unsigned long, unsigned long, unsigned long, unsigned long)+0x342
V  [libjvm.so+0x7e8590]  ParallelScavengeHeap::initialize()+0x5b0
V  [libjvm.so+0x91ba47]  Universe::initialize_heap()+0xc7
V  [libjvm.so+0x91bd77]  universe_init()+0x67
V  [libjvm.so+0x59d2d5]  init_globals()+0x55
V  [libjvm.so+0x8fe75f]  Threads::create_vm(JavaVMInitArgs*, bool*)+0x35f
V  [libjvm.so+0x608654]  JNI_CreateJavaVM+0x54
C  [libjli.so+0x2b48]


---------------  P R O C E S S  ---------------

Java Threads: ( => current thread )

Other Threads:

=>0x00007f3d4800a000 (exited) JavaThread "Unknown thread" [_thread_in_vm, id=7005, stack(0x00007f3d4ede8000,0x00007f3d4eee9000)]

VM state:not at safepoint (not fully initialized)

VM Mutex/Monitor currently owned by a thread: None

GC Heap History (0 events):
No events

Deoptimization events (0 events):
No events

Internal exceptions (0 events):
No events

Events (0 events):
No events


Dynamic libraries:
00400000-00401000 r-xp 00000000 ca:01 525640                             /usr/lib/jvm/java-7-openjdk-amd64/jre/bin/java
00600000-00601000 r--p 00000000 ca:01 525640                             /usr/lib/jvm/java-7-openjdk-amd64/jre/bin/java
00601000-00602000 rw-p 00001000 ca:01 525640                             /usr/lib/jvm/java-7-openjdk-amd64/jre/bin/java
01abd000-01ade000 rw-p 00000000 00:00 0                                  [heap]
65ff80000-77aa80000 rw-p 00000000 00:00 0 
7f3d43aa4000-7f3d43cde000 rw-p 00000000 00:00 0 
7f3d43cde000-7f3d449de000 rw-p 00000000 00:00 0 
7f3d449de000-7f3d449df000 rw-p 00000000 00:00 0 
7f3d449df000-7f3d44c4f000 rwxp 00000000 00:00 0 
7f3d44c4f000-7f3d479df000 rw-p 00000000 00:00 0 
7f3d479df000-7f3d479e7000 r-xp 00000000 ca:01 525561                     /usr/lib/jvm/java-7-openjdk-amd64/jre/lib/amd64/libzip.so
7f3d479e7000-7f3d47be6000 ---p 00008000 ca:01 525561                     /usr/lib/jvm/java-7-openjdk-amd64/jre/lib/amd64/libzip.so
7f3d47be6000-7f3d47be7000 r--p 00007000 ca:01 525561                     /usr/lib/jvm/java-7-openjdk-amd64/jre/lib/amd64/libzip.so
7f3d47be7000-7f3d47be8000 rw-p 00008000 ca:01 525561                     /usr/lib/jvm/java-7-openjdk-amd64/jre/lib/amd64/libzip.so
7f3d47be8000-7f3d47bf3000 r-xp 00000000 ca:01 396074                     /lib/x86_64-linux-gnu/libnss_files-2.19.so
7f3d47bf3000-7f3d47df2000 ---p 0000b000 ca:01 396074                     /lib/x86_64-linux-gnu/libnss_files-2.19.so
7f3d47df2000-7f3d47df3000 r--p 0000a000 ca:01 396074                     /lib/x86_64-linux-gnu/libnss_files-2.19.so
7f3d47df3000-7f3d47df4000 rw-p 0000b000 ca:01 396074                     /lib/x86_64-linux-gnu/libnss_files-2.19.so
7f3d47df4000-7f3d47dff000 r-xp 00000000 ca:01 396076                     /lib/x86_64-linux-gnu/libnss_nis-2.19.so
7f3d47dff000-7f3d47ffe000 ---p 0000b000 ca:01 396076                     /lib/x86_64-linux-gnu/libnss_nis-2.19.so
7f3d47ffe000-7f3d47fff000 r--p 0000a000 ca:01 396076                     /lib/x86_64-linux-gnu/libnss_nis-2.19.so
7f3d47fff000-7f3d48000000 rw-p 0000b000 ca:01 396076                     /lib/x86_64-linux-gnu/libnss_nis-2.19.so
7f3d48000000-7f3d48022000 rw-p 00000000 00:00 0 
7f3d48022000-7f3d4c000000 ---p 00000000 00:00 0 
7f3d4c03b000-7f3d4c052000 r-xp 00000000 ca:01 396071                     /lib/x86_64-linux-gnu/libnsl-2.19.so
7f3d4c052000-7f3d4c251000 ---p 00017000 ca:01 396071                     /lib/x86_64-linux-gnu/libnsl-2.19.so
7f3d4c251000-7f3d4c252000 r--p 00016000 ca:01 396071                     /lib/x86_64-linux-gnu/libnsl-2.19.so
7f3d4c252000-7f3d4c253000 rw-p 00017000 ca:01 396071                     /lib/x86_64-linux-gnu/libnsl-2.19.so
7f3d4c253000-7f3d4c255000 rw-p 00000000 00:00 0 
7f3d4c255000-7f3d4c25e000 r-xp 00000000 ca:01 396072                     /lib/x86_64-linux-gnu/libnss_compat-2.19.so
7f3d4c25e000-7f3d4c45d000 ---p 00009000 ca:01 396072                     /lib/x86_64-linux-gnu/libnss_compat-2.19.so
7f3d4c45d000-7f3d4c45e000 r--p 00008000 ca:01 396072                     /lib/x86_64-linux-gnu/libnss_compat-2.19.so
7f3d4c45e000-7f3d4c45f000 rw-p 00009000 ca:01 396072                     /lib/x86_64-linux-gnu/libnss_compat-2.19.so
7f3d4c45f000-7f3d4c48a000 r-xp 00000000 ca:01 525598                     /usr/lib/jvm/java-7-openjdk-amd64/jre/lib/amd64/libjava.so
7f3d4c48a000-7f3d4c689000 ---p 0002b000 ca:01 525598                     /usr/lib/jvm/java-7-openjdk-amd64/jre/lib/amd64/libjava.so
7f3d4c689000-7f3d4c68a000 r--p 0002a000 ca:01 525598                     /usr/lib/jvm/java-7-openjdk-amd64/jre/lib/amd64/libjava.so
7f3d4c68a000-7f3d4c68c000 rw-p 0002b000 ca:01 525598                     /usr/lib/jvm/java-7-openjdk-amd64/jre/lib/amd64/libjava.so
7f3d4c68c000-7f3d4c69c000 r-xp 00000000 ca:01 525579                     /usr/lib/jvm/java-7-openjdk-amd64/jre/lib/amd64/libverify.so
7f3d4c69c000-7f3d4c89b000 ---p 00010000 ca:01 525579                     /usr/lib/jvm/java-7-openjdk-amd64/jre/lib/amd64/libverify.so
7f3d4c89b000-7f3d4c89d000 r--p 0000f000 ca:01 525579                     /usr/lib/jvm/java-7-openjdk-amd64/jre/lib/amd64/libverify.so
7f3d4c89d000-7f3d4c89e000 rw-p 00011000 ca:01 525579                     /usr/lib/jvm/java-7-openjdk-amd64/jre/lib/amd64/libverify.so
7f3d4c89e000-7f3d4c8a5000 r-xp 00000000 ca:01 396096                     /lib/x86_64-linux-gnu/librt-2.19.so
7f3d4c8a5000-7f3d4caa4000 ---p 00007000 ca:01 396096                     /lib/x86_64-linux-gnu/librt-2.19.so
7f3d4caa4000-7f3d4caa5000 r--p 00006000 ca:01 396096                     /lib/x86_64-linux-gnu/librt-2.19.so
7f3d4caa5000-7f3d4caa6000 rw-p 00007000 ca:01 396096                     /lib/x86_64-linux-gnu/librt-2.19.so
7f3d4caa6000-7f3d4cabc000 r-xp 00000000 ca:01 396054                     /lib/x86_64-linux-gnu/libgcc_s.so.1
7f3d4cabc000-7f3d4ccbb000 ---p 00016000 ca:01 396054                     /lib/x86_64-linux-gnu/libgcc_s.so.1
7f3d4ccbb000-7f3d4ccbc000 rw-p 00015000 ca:01 396054                     /lib/x86_64-linux-gnu/libgcc_s.so.1
7f3d4ccbc000-7f3d4cdc1000 r-xp 00000000 ca:01 396063                     /lib/x86_64-linux-gnu/libm-2.19.so
7f3d4cdc1000-7f3d4cfc0000 ---p 00105000 ca:01 396063                     /lib/x86_64-linux-gnu/libm-2.19.so
7f3d4cfc0000-7f3d4cfc1000 r--p 00104000 ca:01 396063                     /lib/x86_64-linux-gnu/libm-2.19.so
7f3d4cfc1000-7f3d4cfc2000 rw-p 00105000 ca:01 396063                     /lib/x86_64-linux-gnu/libm-2.19.so
7f3d4cfc2000-7f3d4d0a8000 r-xp 00000000 ca:01 284                        /usr/lib/x86_64-linux-gnu/libstdc++.so.6.0.19
7f3d4d0a8000-7f3d4d2a7000 ---p 000e6000 ca:01 284                        /usr/lib/x86_64-linux-gnu/libstdc++.so.6.0.19
7f3d4d2a7000-7f3d4d2af000 r--p 000e5000 ca:01 284                        /usr/lib/x86_64-linux-gnu/libstdc++.so.6.0.19
7f3d4d2af000-7f3d4d2b1000 rw-p 000ed000 ca:01 284                        /usr/lib/x86_64-linux-gnu/libstdc++.so.6.0.19
7f3d4d2b1000-7f3d4d2c6000 rw-p 00000000 00:00 0 
7f3d4d2c6000-7f3d4dddf000 r-xp 00000000 ca:01 525567                     /usr/lib/jvm/java-7-openjdk-amd64/jre/lib/amd64/server/libjvm.so
7f3d4dddf000-7f3d4dfdf000 ---p 00b19000 ca:01 525567                     /usr/lib/jvm/java-7-openjdk-amd64/jre/lib/amd64/server/libjvm.so
7f3d4dfdf000-7f3d4e079000 r--p 00b19000 ca:01 525567                     /usr/lib/jvm/java-7-openjdk-amd64/jre/lib/amd64/server/libjvm.so
7f3d4e079000-7f3d4e09c000 rw-p 00bb3000 ca:01 525567                     /usr/lib/jvm/java-7-openjdk-amd64/jre/lib/amd64/server/libjvm.so
7f3d4e09c000-7f3d4e0ca000 rw-p 00000000 00:00 0 
7f3d4e0ca000-7f3d4e0e2000 r-xp 00000000 ca:01 396113                     /lib/x86_64-linux-gnu/libz.so.1.2.8
7f3d4e0e2000-7f3d4e2e1000 ---p 00018000 ca:01 396113                     /lib/x86_64-linux-gnu/libz.so.1.2.8
7f3d4e2e1000-7f3d4e2e2000 r--p 00017000 ca:01 396113                     /lib/x86_64-linux-gnu/libz.so.1.2.8
7f3d4e2e2000-7f3d4e2e3000 rw-p 00018000 ca:01 396113                     /lib/x86_64-linux-gnu/libz.so.1.2.8
7f3d4e2e3000-7f3d4e2fc000 r-xp 00000000 ca:01 396093                     /lib/x86_64-linux-gnu/libpthread-2.19.so
7f3d4e2fc000-7f3d4e4fb000 ---p 00019000 ca:01 396093                     /lib/x86_64-linux-gnu/libpthread-2.19.so
7f3d4e4fb000-7f3d4e4fc000 r--p 00018000 ca:01 396093                     /lib/x86_64-linux-gnu/libpthread-2.19.so
7f3d4e4fc000-7f3d4e4fd000 rw-p 00019000 ca:01 396093                     /lib/x86_64-linux-gnu/libpthread-2.19.so
7f3d4e4fd000-7f3d4e501000 rw-p 00000000 00:00 0 
7f3d4e501000-7f3d4e504000 r-xp 00000000 ca:01 396049                     /lib/x86_64-linux-gnu/libdl-2.19.so
7f3d4e504000-7f3d4e703000 ---p 00003000 ca:01 396049                     /lib/x86_64-linux-gnu/libdl-2.19.so
7f3d4e703000-7f3d4e704000 r--p 00002000 ca:01 396049                     /lib/x86_64-linux-gnu/libdl-2.19.so
7f3d4e704000-7f3d4e705000 rw-p 00003000 ca:01 396049                     /lib/x86_64-linux-gnu/libdl-2.19.so
7f3d4e705000-7f3d4e8c0000 r-xp 00000000 ca:01 396040                     /lib/x86_64-linux-gnu/libc-2.19.so
7f3d4e8c0000-7f3d4eabf000 ---p 001bb000 ca:01 396040                     /lib/x86_64-linux-gnu/libc-2.19.so
7f3d4eabf000-7f3d4eac3000 r--p 001ba000 ca:01 396040                     /lib/x86_64-linux-gnu/libc-2.19.so
7f3d4eac3000-7f3d4eac5000 rw-p 001be000 ca:01 396040                     /lib/x86_64-linux-gnu/libc-2.19.so
7f3d4eac5000-7f3d4eaca000 rw-p 00000000 00:00 0 
7f3d4eaca000-7f3d4ead7000 r-xp 00000000 ca:01 525564                     /usr/lib/jvm/java-7-openjdk-amd64/jre/lib/amd64/jli/libjli.so
7f3d4ead7000-7f3d4ecd6000 ---p 0000d000 ca:01 525564                     /usr/lib/jvm/java-7-openjdk-amd64/jre/lib/amd64/jli/libjli.so
7f3d4ecd6000-7f3d4ecd7000 r--p 0000c000 ca:01 525564                     /usr/lib/jvm/java-7-openjdk-amd64/jre/lib/amd64/jli/libjli.so
7f3d4ecd7000-7f3d4ecd8000 rw-p 0000d000 ca:01 525564                     /usr/lib/jvm/java-7-openjdk-amd64/jre/lib/amd64/jli/libjli.so
7f3d4ecd8000-7f3d4ecfb000 r-xp 00000000 ca:01 396030                     /lib/x86_64-linux-gnu/ld-2.19.so
7f3d4ed26000-7f3d4ed32000 rw-p 00000000 00:00 0 
7f3d4ed32000-7f3d4ede8000 rw-p 00000000 00:00 0 
7f3d4ede8000-7f3d4edeb000 ---p 00000000 00:00 0 
7f3d4edeb000-7f3d4eeee000 rw-p 00000000 00:00 0                          [stack:7005]
7f3d4eeee000-7f3d4eef6000 rw-s 00000000 ca:01 528244                     /tmp/hsperfdata_ubuntu/6961
7f3d4eef6000-7f3d4eef7000 rw-p 00000000 00:00 0 
7f3d4eef7000-7f3d4eef8000 r--p 00000000 00:00 0 
7f3d4eef8000-7f3d4eefa000 rw-p 00000000 00:00 0 
7f3d4eefa000-7f3d4eefb000 r--p 00022000 ca:01 396030                     /lib/x86_64-linux-gnu/ld-2.19.so
7f3d4eefb000-7f3d4eefc000 rw-p 00023000 ca:01 396030                     /lib/x86_64-linux-gnu/ld-2.19.so
7f3d4eefc000-7f3d4eefd000 rw-p 00000000 00:00 0 
7fffac356000-7fffac377000 rw-p 00000000 00:00 0                          [stack]
7fffac37e000-7fffac380000 r-xp 00000000 00:00 0                          [vdso]
ffffffffff600000-ffffffffff601000 r-xp 00000000 00:00 0                  [vsyscall]

VM Arguments:
jvm_args: -Xms6400M -Xmx6400M -XX:MaxPermSize=256m 
java_command: org.apache.spark.deploy.SparkSubmit --master spark://ip-172-31-45-91:7077 --conf spark.driver.memory=6400M --executor-memory 6400M pyspark-shell
Launcher Type: SUN_STANDARD

Environment Variables:
JAVA_HOME=/usr
PATH=/usr/local/sbin:/usr/local/bin:/usr/sbin:/usr/bin:/sbin:/bin:/usr/games:/usr/local/games:/usr/bin:/usr/local/hadoop/bin:/usr/bin:/usr/local/hadoop/bin:/usr/local/spark/bin:/usr/bin:/usr/local/hadoop/bin:/usr/local/spark/bin:/usr/bin:/usr/local/hadoop/bin:/usr/local/spark/bin
SHELL=/bin/bash

Signal Handlers:
SIGSEGV: [libjvm.so+0x94bab0], sa_mask[0]=0x7ffbfeff, sa_flags=0x10000004
SIGBUS: [libjvm.so+0x94bab0], sa_mask[0]=0x7ffbfeff, sa_flags=0x10000004
SIGFPE: [libjvm.so+0x7c38b0], sa_mask[0]=0x7ffbfeff, sa_flags=0x10000004
SIGPIPE: [libjvm.so+0x7c38b0], sa_mask[0]=0x7ffbfeff, sa_flags=0x10000004
SIGXFSZ: [libjvm.so+0x7c38b0], sa_mask[0]=0x7ffbfeff, sa_flags=0x10000004
SIGILL: [libjvm.so+0x7c38b0], sa_mask[0]=0x7ffbfeff, sa_flags=0x10000004
SIGUSR1: SIG_DFL, sa_mask[0]=0x00000000, sa_flags=0x00000000
SIGUSR2: [libjvm.so+0x7c3750], sa_mask[0]=0x00000000, sa_flags=0x10000004
SIGHUP: SIG_DFL, sa_mask[0]=0x00000000, sa_flags=0x00000000
SIGINT: SIG_IGN, sa_mask[0]=0x00000000, sa_flags=0x00000000
SIGTERM: SIG_DFL, sa_mask[0]=0x00000000, sa_flags=0x00000000
SIGQUIT: SIG_DFL, sa_mask[0]=0x00000000, sa_flags=0x00000000
SIGTRAP: SIG_DFL, sa_mask[0]=0x00000000, sa_flags=0x00000000


---------------  S Y S T E M  ---------------

OS:Ubuntu 14.04 (trusty)
uname:Linux 3.13.0-48-generic #80-Ubuntu SMP Thu Mar 12 11:16:15 UTC 2015 x86_64
libc:glibc 2.19 NPTL 2.19 
rlimit: STACK 8192k, CORE 0k, NPROC 63794, NOFILE 4096, AS infinity
load average:3.04 2.46 2.34

/proc/meminfo:
MemTotal:        8175600 kB
MemFree:          162376 kB
Buffers:           68888 kB
Cached:           773256 kB
SwapCached:            0 kB
Active:          7407640 kB
Inactive:         407096 kB
Active(anon):    6972692 kB
Inactive(anon):      320 kB
Active(file):     434948 kB
Inactive(file):   406776 kB
Unevictable:           0 kB
Mlocked:               0 kB
SwapTotal:             0 kB
SwapFree:              0 kB
Dirty:               156 kB
Writeback:             0 kB
AnonPages:       6972564 kB
Mapped:            29164 kB
Shmem:               400 kB
Slab:             106372 kB
SReclaimable:      87816 kB
SUnreclaim:        18556 kB
KernelStack:        3712 kB
PageTables:        21088 kB
NFS_Unstable:          0 kB
Bounce:                0 kB
WritebackTmp:          0 kB
CommitLimit:     4087800 kB
Committed_AS:   16388704 kB
VmallocTotal:   34359738367 kB
VmallocUsed:       16204 kB
VmallocChunk:   34359716651 kB
HardwareCorrupted:     0 kB
AnonHugePages:   5283840 kB
HugePages_Total:       0
HugePages_Free:        0
HugePages_Rsvd:        0
HugePages_Surp:        0
Hugepagesize:       2048 kB
DirectMap4k:       30720 kB
DirectMap2M:     8488960 kB


CPU:total 2 (1 cores per cpu, 2 threads per core) family 6 model 63 stepping 2, cmov, cx8, fxsr, mmx, sse, sse2, sse3, ssse3, sse4.1, sse4.2, popcnt, avx, avx2, aes, erms, ht, tsc

/proc/cpuinfo:
processor	: 0
vendor_id	: GenuineIntel
cpu family	: 6
model		: 63
model name	: Intel(R) Xeon(R) CPU E5-2676 v3 @ 2.40GHz
stepping	: 2
microcode	: 0x2b
cpu MHz		: 2400.092
cache size	: 30720 KB
physical id	: 0
siblings	: 2
core id		: 0
cpu cores	: 1
apicid		: 0
initial apicid	: 0
fpu		: yes
fpu_exception	: yes
cpuid level	: 13
wp		: yes
flags		: fpu vme de pse tsc msr pae mce cx8 apic sep mtrr pge mca cmov pat pse36 clflush mmx fxsr sse sse2 ht syscall nx rdtscp lm constant_tsc rep_good nopl xtopology eagerfpu pni pclmulqdq ssse3 fma cx16 pcid sse4_1 sse4_2 x2apic movbe popcnt tsc_deadline_timer aes xsave avx f16c rdrand hypervisor lahf_lm abm xsaveopt fsgsbase bmi1 avx2 smep bmi2 erms invpcid
bogomips	: 4800.18
clflush size	: 64
cache_alignment	: 64
address sizes	: 46 bits physical, 48 bits virtual
power management:

processor	: 1
vendor_id	: GenuineIntel
cpu family	: 6
model		: 63
model name	: Intel(R) Xeon(R) CPU E5-2676 v3 @ 2.40GHz
stepping	: 2
microcode	: 0x2b
cpu MHz		: 2400.092
cache size	: 30720 KB
physical id	: 0
siblings	: 2
core id		: 0
cpu cores	: 1
apicid		: 1
initial apicid	: 1
fpu		: yes
fpu_exception	: yes
cpuid level	: 13
wp		: yes
flags		: fpu vme de pse tsc msr pae mce cx8 apic sep mtrr pge mca cmov pat pse36 clflush mmx fxsr sse sse2 ht syscall nx rdtscp lm constant_tsc rep_good nopl xtopology eagerfpu pni pclmulqdq ssse3 fma cx16 pcid sse4_1 sse4_2 x2apic movbe popcnt tsc_deadline_timer aes xsave avx f16c rdrand hypervisor lahf_lm abm xsaveopt fsgsbase bmi1 avx2 smep bmi2 erms invpcid
bogomips	: 4800.18
clflush size	: 64
cache_alignment	: 64
address sizes	: 46 bits physical, 48 bits virtual
power management:



Memory: 4k page, physical 8175600k(162376k free), swap 0k(0k free)

vm_info: OpenJDK 64-Bit Server VM (24.79-b02) for linux-amd64 JRE (1.7.0_79-b14), built on Jul 24 2015 08:15:54 by "buildd" with gcc 4.8.2

time: Sun Sep 27 18:03:43 2015
elapsed time: 0 seconds

