#
# There is insufficient memory for the Java Runtime Environment to continue.
# Native memory allocation (malloc) failed to allocate 4474273792 bytes for committing reserved memory.
# Possible reasons:
#   The system is out of physical RAM or swap space
#   In 32 bit mode, the process size limit was hit
# Possible solutions:
#   Reduce memory load on the system
#   Increase physical memory or swap space
#   Check if swap backing store is full
#   Use 64 bit Java on a 64 bit OS
#   Decrease Java heap size (-Xmx/-Xms)
#   Decrease number of Java threads
#   Decrease Java thread stack sizes (-Xss)
#   Set larger code cache with -XX:ReservedCodeCacheSize=
# This output file may be truncated or incomplete.
#
#  Out of Memory Error (os_linux.cpp:2809), pid=26605, tid=140323966179072
#
# JRE version:  (7.0_79-b14) (build )
# Java VM: OpenJDK 64-Bit Server VM (24.79-b02 mixed mode linux-amd64 compressed oops)
# Derivative: IcedTea 2.5.6
# Distribution: Ubuntu 14.04 LTS, package 7u79-2.5.6-0ubuntu1.14.04.1
# Failed to write core dump. Core dumps have been disabled. To enable core dumping, try "ulimit -c unlimited" before starting Java again
#

---------------  T H R E A D  ---------------

Current thread (0x00007f9fb000a000):  JavaThread "Unknown thread" [_thread_in_vm, id=26649, stack(0x00007f9fb8185000,0x00007f9fb8286000)]

Stack: [0x00007f9fb8185000,0x00007f9fb8286000],  sp=0x00007f9fb8284500,  free space=1021k
Native frames: (J=compiled Java code, j=interpreted, Vv=VM code, C=native code)
V  [libjvm.so+0x94afd5]  VMError::report_and_die()+0x175
V  [libjvm.so+0x48b9f4]  report_vm_out_of_memory(char const*, int, unsigned long, char const*)+0x74
V  [libjvm.so+0x7c809b]  os::pd_commit_memory(char*, unsigned long, unsigned long, bool)+0xeb
V  [libjvm.so+0x7c2b3f]  os::commit_memory(char*, unsigned long, unsigned long, bool)+0x1f
V  [libjvm.so+0x83503b]  PSVirtualSpace::expand_by(unsigned long)+0x5b
V  [libjvm.so+0x8254ae]  PSOldGen::initialize(ReservedSpace, unsigned long, char const*, int)+0xce
V  [libjvm.so+0x2a57ff]  AdjoiningGenerations::AdjoiningGenerations(ReservedSpace, unsigned long, unsigned long, unsigned long, unsigned long, unsigned long, unsigned long, unsigned long)+0x3af
V  [libjvm.so+0x7e8590]  ParallelScavengeHeap::initialize()+0x5b0
V  [libjvm.so+0x91ba47]  Universe::initialize_heap()+0xc7
V  [libjvm.so+0x91bd77]  universe_init()+0x67
V  [libjvm.so+0x59d2d5]  init_globals()+0x55
V  [libjvm.so+0x8fe75f]  Threads::create_vm(JavaVMInitArgs*, bool*)+0x35f
V  [libjvm.so+0x608654]  JNI_CreateJavaVM+0x54
C  [libjli.so+0x2b48]


---------------  P R O C E S S  ---------------

Java Threads: ( => current thread )

Other Threads:

=>0x00007f9fb000a000 (exited) JavaThread "Unknown thread" [_thread_in_vm, id=26649, stack(0x00007f9fb8185000,0x00007f9fb8286000)]

VM state:not at safepoint (not fully initialized)

VM Mutex/Monitor currently owned by a thread: None

GC Heap History (0 events):
No events

Deoptimization events (0 events):
No events

Internal exceptions (0 events):
No events

Events (0 events):
No events


Dynamic libraries:
00400000-00401000 r-xp 00000000 ca:01 525640                             /usr/lib/jvm/java-7-openjdk-amd64/jre/bin/java
00600000-00601000 r--p 00000000 ca:01 525640                             /usr/lib/jvm/java-7-openjdk-amd64/jre/bin/java
00601000-00602000 rw-p 00001000 ca:01 525640                             /usr/lib/jvm/java-7-openjdk-amd64/jre/bin/java
021ab000-021cc000 rw-p 00000000 00:00 0                                  [heap]
65ff80000-66ff80000 rw-p 00000000 00:00 0 
77aa80000-800000000 rw-p 00000000 00:00 0 
7f9facdc6000-7f9fad000000 rw-p 00000000 00:00 0 
7f9fad000000-7f9fad270000 rwxp 00000000 00:00 0 
7f9fad270000-7f9fb0023000 rw-p 00000000 00:00 0 
7f9fb0023000-7f9fb4000000 ---p 00000000 00:00 0 
7f9fb40b6000-7f9fb498b000 rw-p 00000000 00:00 0 
7f9fb498b000-7f9fb4db7000 rw-p 00000000 00:00 0 
7f9fb4db7000-7f9fb4dbf000 r-xp 00000000 ca:01 525561                     /usr/lib/jvm/java-7-openjdk-amd64/jre/lib/amd64/libzip.so
7f9fb4dbf000-7f9fb4fbe000 ---p 00008000 ca:01 525561                     /usr/lib/jvm/java-7-openjdk-amd64/jre/lib/amd64/libzip.so
7f9fb4fbe000-7f9fb4fbf000 r--p 00007000 ca:01 525561                     /usr/lib/jvm/java-7-openjdk-amd64/jre/lib/amd64/libzip.so
7f9fb4fbf000-7f9fb4fc0000 rw-p 00008000 ca:01 525561                     /usr/lib/jvm/java-7-openjdk-amd64/jre/lib/amd64/libzip.so
7f9fb4fc0000-7f9fb4fcb000 r-xp 00000000 ca:01 396074                     /lib/x86_64-linux-gnu/libnss_files-2.19.so
7f9fb4fcb000-7f9fb51ca000 ---p 0000b000 ca:01 396074                     /lib/x86_64-linux-gnu/libnss_files-2.19.so
7f9fb51ca000-7f9fb51cb000 r--p 0000a000 ca:01 396074                     /lib/x86_64-linux-gnu/libnss_files-2.19.so
7f9fb51cb000-7f9fb51cc000 rw-p 0000b000 ca:01 396074                     /lib/x86_64-linux-gnu/libnss_files-2.19.so
7f9fb51cc000-7f9fb51d7000 r-xp 00000000 ca:01 396076                     /lib/x86_64-linux-gnu/libnss_nis-2.19.so
7f9fb51d7000-7f9fb53d6000 ---p 0000b000 ca:01 396076                     /lib/x86_64-linux-gnu/libnss_nis-2.19.so
7f9fb53d6000-7f9fb53d7000 r--p 0000a000 ca:01 396076                     /lib/x86_64-linux-gnu/libnss_nis-2.19.so
7f9fb53d7000-7f9fb53d8000 rw-p 0000b000 ca:01 396076                     /lib/x86_64-linux-gnu/libnss_nis-2.19.so
7f9fb53d8000-7f9fb53ef000 r-xp 00000000 ca:01 396071                     /lib/x86_64-linux-gnu/libnsl-2.19.so
7f9fb53ef000-7f9fb55ee000 ---p 00017000 ca:01 396071                     /lib/x86_64-linux-gnu/libnsl-2.19.so
7f9fb55ee000-7f9fb55ef000 r--p 00016000 ca:01 396071                     /lib/x86_64-linux-gnu/libnsl-2.19.so
7f9fb55ef000-7f9fb55f0000 rw-p 00017000 ca:01 396071                     /lib/x86_64-linux-gnu/libnsl-2.19.so
7f9fb55f0000-7f9fb55f2000 rw-p 00000000 00:00 0 
7f9fb55f2000-7f9fb55fb000 r-xp 00000000 ca:01 396072                     /lib/x86_64-linux-gnu/libnss_compat-2.19.so
7f9fb55fb000-7f9fb57fa000 ---p 00009000 ca:01 396072                     /lib/x86_64-linux-gnu/libnss_compat-2.19.so
7f9fb57fa000-7f9fb57fb000 r--p 00008000 ca:01 396072                     /lib/x86_64-linux-gnu/libnss_compat-2.19.so
7f9fb57fb000-7f9fb57fc000 rw-p 00009000 ca:01 396072                     /lib/x86_64-linux-gnu/libnss_compat-2.19.so
7f9fb57fc000-7f9fb5827000 r-xp 00000000 ca:01 525598                     /usr/lib/jvm/java-7-openjdk-amd64/jre/lib/amd64/libjava.so
7f9fb5827000-7f9fb5a26000 ---p 0002b000 ca:01 525598                     /usr/lib/jvm/java-7-openjdk-amd64/jre/lib/amd64/libjava.so
7f9fb5a26000-7f9fb5a27000 r--p 0002a000 ca:01 525598                     /usr/lib/jvm/java-7-openjdk-amd64/jre/lib/amd64/libjava.so
7f9fb5a27000-7f9fb5a29000 rw-p 0002b000 ca:01 525598                     /usr/lib/jvm/java-7-openjdk-amd64/jre/lib/amd64/libjava.so
7f9fb5a29000-7f9fb5a39000 r-xp 00000000 ca:01 525579                     /usr/lib/jvm/java-7-openjdk-amd64/jre/lib/amd64/libverify.so
7f9fb5a39000-7f9fb5c38000 ---p 00010000 ca:01 525579                     /usr/lib/jvm/java-7-openjdk-amd64/jre/lib/amd64/libverify.so
7f9fb5c38000-7f9fb5c3a000 r--p 0000f000 ca:01 525579                     /usr/lib/jvm/java-7-openjdk-amd64/jre/lib/amd64/libverify.so
7f9fb5c3a000-7f9fb5c3b000 rw-p 00011000 ca:01 525579                     /usr/lib/jvm/java-7-openjdk-amd64/jre/lib/amd64/libverify.so
7f9fb5c3b000-7f9fb5c42000 r-xp 00000000 ca:01 396096                     /lib/x86_64-linux-gnu/librt-2.19.so
7f9fb5c42000-7f9fb5e41000 ---p 00007000 ca:01 396096                     /lib/x86_64-linux-gnu/librt-2.19.so
7f9fb5e41000-7f9fb5e42000 r--p 00006000 ca:01 396096                     /lib/x86_64-linux-gnu/librt-2.19.so
7f9fb5e42000-7f9fb5e43000 rw-p 00007000 ca:01 396096                     /lib/x86_64-linux-gnu/librt-2.19.so
7f9fb5e43000-7f9fb5e59000 r-xp 00000000 ca:01 396054                     /lib/x86_64-linux-gnu/libgcc_s.so.1
7f9fb5e59000-7f9fb6058000 ---p 00016000 ca:01 396054                     /lib/x86_64-linux-gnu/libgcc_s.so.1
7f9fb6058000-7f9fb6059000 rw-p 00015000 ca:01 396054                     /lib/x86_64-linux-gnu/libgcc_s.so.1
7f9fb6059000-7f9fb615e000 r-xp 00000000 ca:01 396063                     /lib/x86_64-linux-gnu/libm-2.19.so
7f9fb615e000-7f9fb635d000 ---p 00105000 ca:01 396063                     /lib/x86_64-linux-gnu/libm-2.19.so
7f9fb635d000-7f9fb635e000 r--p 00104000 ca:01 396063                     /lib/x86_64-linux-gnu/libm-2.19.so
7f9fb635e000-7f9fb635f000 rw-p 00105000 ca:01 396063                     /lib/x86_64-linux-gnu/libm-2.19.so
7f9fb635f000-7f9fb6445000 r-xp 00000000 ca:01 284                        /usr/lib/x86_64-linux-gnu/libstdc++.so.6.0.19
7f9fb6445000-7f9fb6644000 ---p 000e6000 ca:01 284                        /usr/lib/x86_64-linux-gnu/libstdc++.so.6.0.19
7f9fb6644000-7f9fb664c000 r--p 000e5000 ca:01 284                        /usr/lib/x86_64-linux-gnu/libstdc++.so.6.0.19
7f9fb664c000-7f9fb664e000 rw-p 000ed000 ca:01 284                        /usr/lib/x86_64-linux-gnu/libstdc++.so.6.0.19
7f9fb664e000-7f9fb6663000 rw-p 00000000 00:00 0 
7f9fb6663000-7f9fb717c000 r-xp 00000000 ca:01 525567                     /usr/lib/jvm/java-7-openjdk-amd64/jre/lib/amd64/server/libjvm.so
7f9fb717c000-7f9fb737c000 ---p 00b19000 ca:01 525567                     /usr/lib/jvm/java-7-openjdk-amd64/jre/lib/amd64/server/libjvm.so
7f9fb737c000-7f9fb7416000 r--p 00b19000 ca:01 525567                     /usr/lib/jvm/java-7-openjdk-amd64/jre/lib/amd64/server/libjvm.so
7f9fb7416000-7f9fb7439000 rw-p 00bb3000 ca:01 525567                     /usr/lib/jvm/java-7-openjdk-amd64/jre/lib/amd64/server/libjvm.so
7f9fb7439000-7f9fb7467000 rw-p 00000000 00:00 0 
7f9fb7467000-7f9fb747f000 r-xp 00000000 ca:01 396113                     /lib/x86_64-linux-gnu/libz.so.1.2.8
7f9fb747f000-7f9fb767e000 ---p 00018000 ca:01 396113                     /lib/x86_64-linux-gnu/libz.so.1.2.8
7f9fb767e000-7f9fb767f000 r--p 00017000 ca:01 396113                     /lib/x86_64-linux-gnu/libz.so.1.2.8
7f9fb767f000-7f9fb7680000 rw-p 00018000 ca:01 396113                     /lib/x86_64-linux-gnu/libz.so.1.2.8
7f9fb7680000-7f9fb7699000 r-xp 00000000 ca:01 396093                     /lib/x86_64-linux-gnu/libpthread-2.19.so
7f9fb7699000-7f9fb7898000 ---p 00019000 ca:01 396093                     /lib/x86_64-linux-gnu/libpthread-2.19.so
7f9fb7898000-7f9fb7899000 r--p 00018000 ca:01 396093                     /lib/x86_64-linux-gnu/libpthread-2.19.so
7f9fb7899000-7f9fb789a000 rw-p 00019000 ca:01 396093                     /lib/x86_64-linux-gnu/libpthread-2.19.so
7f9fb789a000-7f9fb789e000 rw-p 00000000 00:00 0 
7f9fb789e000-7f9fb78a1000 r-xp 00000000 ca:01 396049                     /lib/x86_64-linux-gnu/libdl-2.19.so
7f9fb78a1000-7f9fb7aa0000 ---p 00003000 ca:01 396049                     /lib/x86_64-linux-gnu/libdl-2.19.so
7f9fb7aa0000-7f9fb7aa1000 r--p 00002000 ca:01 396049                     /lib/x86_64-linux-gnu/libdl-2.19.so
7f9fb7aa1000-7f9fb7aa2000 rw-p 00003000 ca:01 396049                     /lib/x86_64-linux-gnu/libdl-2.19.so
7f9fb7aa2000-7f9fb7c5d000 r-xp 00000000 ca:01 396040                     /lib/x86_64-linux-gnu/libc-2.19.so
7f9fb7c5d000-7f9fb7e5c000 ---p 001bb000 ca:01 396040                     /lib/x86_64-linux-gnu/libc-2.19.so
7f9fb7e5c000-7f9fb7e60000 r--p 001ba000 ca:01 396040                     /lib/x86_64-linux-gnu/libc-2.19.so
7f9fb7e60000-7f9fb7e62000 rw-p 001be000 ca:01 396040                     /lib/x86_64-linux-gnu/libc-2.19.so
7f9fb7e62000-7f9fb7e67000 rw-p 00000000 00:00 0 
7f9fb7e67000-7f9fb7e74000 r-xp 00000000 ca:01 525564                     /usr/lib/jvm/java-7-openjdk-amd64/jre/lib/amd64/jli/libjli.so
7f9fb7e74000-7f9fb8073000 ---p 0000d000 ca:01 525564                     /usr/lib/jvm/java-7-openjdk-amd64/jre/lib/amd64/jli/libjli.so
7f9fb8073000-7f9fb8074000 r--p 0000c000 ca:01 525564                     /usr/lib/jvm/java-7-openjdk-amd64/jre/lib/amd64/jli/libjli.so
7f9fb8074000-7f9fb8075000 rw-p 0000d000 ca:01 525564                     /usr/lib/jvm/java-7-openjdk-amd64/jre/lib/amd64/jli/libjli.so
7f9fb8075000-7f9fb8098000 r-xp 00000000 ca:01 396030                     /lib/x86_64-linux-gnu/ld-2.19.so
7f9fb80c3000-7f9fb80cf000 rw-p 00000000 00:00 0 
7f9fb80cf000-7f9fb8185000 rw-p 00000000 00:00 0 
7f9fb8185000-7f9fb8188000 ---p 00000000 00:00 0 
7f9fb8188000-7f9fb828b000 rw-p 00000000 00:00 0                          [stack:26649]
7f9fb828b000-7f9fb8293000 rw-s 00000000 ca:01 528246                     /tmp/hsperfdata_ubuntu/26605
7f9fb8293000-7f9fb8294000 rw-p 00000000 00:00 0 
7f9fb8294000-7f9fb8295000 r--p 00000000 00:00 0 
7f9fb8295000-7f9fb8297000 rw-p 00000000 00:00 0 
7f9fb8297000-7f9fb8298000 r--p 00022000 ca:01 396030                     /lib/x86_64-linux-gnu/ld-2.19.so
7f9fb8298000-7f9fb8299000 rw-p 00023000 ca:01 396030                     /lib/x86_64-linux-gnu/ld-2.19.so
7f9fb8299000-7f9fb829a000 rw-p 00000000 00:00 0 
7fff80eb3000-7fff80ed4000 rw-p 00000000 00:00 0                          [stack]
7fff80fde000-7fff80fe0000 r-xp 00000000 00:00 0                          [vdso]
ffffffffff600000-ffffffffff601000 r-xp 00000000 00:00 0                  [vsyscall]

VM Arguments:
jvm_args: -Xms6400M -Xmx6400M -XX:MaxPermSize=256m 
java_command: org.apache.spark.deploy.SparkSubmit --master spark://ip-172-31-45-91:7077 --conf spark.driver.memory=6400M --executor-memory 6400M pyspark-shell
Launcher Type: SUN_STANDARD

Environment Variables:
JAVA_HOME=/usr
PATH=/usr/local/sbin:/usr/local/bin:/usr/sbin:/usr/bin:/sbin:/bin:/usr/games:/usr/local/games:/usr/bin:/usr/local/hadoop/bin:/usr/local/spark/bin:/usr/bin:/usr/local/hadoop/bin:/usr/local/spark/bin
SHELL=/bin/bash

Signal Handlers:
SIGSEGV: [libjvm.so+0x94bab0], sa_mask[0]=0x7ffbfeff, sa_flags=0x10000004
SIGBUS: [libjvm.so+0x94bab0], sa_mask[0]=0x7ffbfeff, sa_flags=0x10000004
SIGFPE: [libjvm.so+0x7c38b0], sa_mask[0]=0x7ffbfeff, sa_flags=0x10000004
SIGPIPE: [libjvm.so+0x7c38b0], sa_mask[0]=0x7ffbfeff, sa_flags=0x10000004
SIGXFSZ: [libjvm.so+0x7c38b0], sa_mask[0]=0x7ffbfeff, sa_flags=0x10000004
SIGILL: [libjvm.so+0x7c38b0], sa_mask[0]=0x7ffbfeff, sa_flags=0x10000004
SIGUSR1: SIG_DFL, sa_mask[0]=0x00000000, sa_flags=0x00000000
SIGUSR2: [libjvm.so+0x7c3750], sa_mask[0]=0x00000000, sa_flags=0x10000004
SIGHUP: SIG_DFL, sa_mask[0]=0x00000000, sa_flags=0x00000000
SIGINT: SIG_IGN, sa_mask[0]=0x00000000, sa_flags=0x00000000
SIGTERM: SIG_DFL, sa_mask[0]=0x00000000, sa_flags=0x00000000
SIGQUIT: SIG_DFL, sa_mask[0]=0x00000000, sa_flags=0x00000000
SIGTRAP: SIG_DFL, sa_mask[0]=0x00000000, sa_flags=0x00000000


---------------  S Y S T E M  ---------------

OS:Ubuntu 14.04 (trusty)
uname:Linux 3.13.0-48-generic #80-Ubuntu SMP Thu Mar 12 11:16:15 UTC 2015 x86_64
libc:glibc 2.19 NPTL 2.19 
rlimit: STACK 8192k, CORE 0k, NPROC 63794, NOFILE 4096, AS infinity
load average:0.21 0.06 0.06

/proc/meminfo:
MemTotal:        8175600 kB
MemFree:         3132280 kB
Buffers:          188396 kB
Cached:           799228 kB
SwapCached:            0 kB
Active:          4561520 kB
Inactive:         291484 kB
Active(anon):    3865468 kB
Inactive(anon):      312 kB
Active(file):     696052 kB
Inactive(file):   291172 kB
Unevictable:           0 kB
Mlocked:               0 kB
SwapTotal:             0 kB
SwapFree:              0 kB
Dirty:               188 kB
Writeback:             0 kB
AnonPages:       3865480 kB
Mapped:            37488 kB
Shmem:               400 kB
Slab:             103100 kB
SReclaimable:      86068 kB
SUnreclaim:        17032 kB
KernelStack:        3648 kB
PageTables:        14156 kB
NFS_Unstable:          0 kB
Bounce:                0 kB
WritebackTmp:          0 kB
CommitLimit:     4087800 kB
Committed_AS:   24971144 kB
VmallocTotal:   34359738367 kB
VmallocUsed:       18188 kB
VmallocChunk:   34359711996 kB
HardwareCorrupted:     0 kB
AnonHugePages:   3416064 kB
HugePages_Total:       0
HugePages_Free:        0
HugePages_Rsvd:        0
HugePages_Surp:        0
Hugepagesize:       2048 kB
DirectMap4k:       65536 kB
DirectMap2M:     8454144 kB


CPU:total 2 (1 cores per cpu, 2 threads per core) family 6 model 63 stepping 2, cmov, cx8, fxsr, mmx, sse, sse2, sse3, ssse3, sse4.1, sse4.2, popcnt, avx, avx2, aes, erms, ht, tsc

/proc/cpuinfo:
processor	: 0
vendor_id	: GenuineIntel
cpu family	: 6
model		: 63
model name	: Intel(R) Xeon(R) CPU E5-2676 v3 @ 2.40GHz
stepping	: 2
microcode	: 0x2b
cpu MHz		: 2400.092
cache size	: 30720 KB
physical id	: 0
siblings	: 2
core id		: 0
cpu cores	: 1
apicid		: 0
initial apicid	: 0
fpu		: yes
fpu_exception	: yes
cpuid level	: 13
wp		: yes
flags		: fpu vme de pse tsc msr pae mce cx8 apic sep mtrr pge mca cmov pat pse36 clflush mmx fxsr sse sse2 ht syscall nx rdtscp lm constant_tsc rep_good nopl xtopology eagerfpu pni pclmulqdq ssse3 fma cx16 pcid sse4_1 sse4_2 x2apic movbe popcnt tsc_deadline_timer aes xsave avx f16c rdrand hypervisor lahf_lm abm xsaveopt fsgsbase bmi1 avx2 smep bmi2 erms invpcid
bogomips	: 4800.18
clflush size	: 64
cache_alignment	: 64
address sizes	: 46 bits physical, 48 bits virtual
power management:

processor	: 1
vendor_id	: GenuineIntel
cpu family	: 6
model		: 63
model name	: Intel(R) Xeon(R) CPU E5-2676 v3 @ 2.40GHz
stepping	: 2
microcode	: 0x2b
cpu MHz		: 2400.092
cache size	: 30720 KB
physical id	: 0
siblings	: 2
core id		: 0
cpu cores	: 1
apicid		: 1
initial apicid	: 1
fpu		: yes
fpu_exception	: yes
cpuid level	: 13
wp		: yes
flags		: fpu vme de pse tsc msr pae mce cx8 apic sep mtrr pge mca cmov pat pse36 clflush mmx fxsr sse sse2 ht syscall nx rdtscp lm constant_tsc rep_good nopl xtopology eagerfpu pni pclmulqdq ssse3 fma cx16 pcid sse4_1 sse4_2 x2apic movbe popcnt tsc_deadline_timer aes xsave avx f16c rdrand hypervisor lahf_lm abm xsaveopt fsgsbase bmi1 avx2 smep bmi2 erms invpcid
bogomips	: 4800.18
clflush size	: 64
cache_alignment	: 64
address sizes	: 46 bits physical, 48 bits virtual
power management:



Memory: 4k page, physical 8175600k(3132280k free), swap 0k(0k free)

vm_info: OpenJDK 64-Bit Server VM (24.79-b02) for linux-amd64 JRE (1.7.0_79-b14), built on Jul 24 2015 08:15:54 by "buildd" with gcc 4.8.2

time: Fri Oct  2 02:37:18 2015
elapsed time: 0 seconds

