#
# There is insufficient memory for the Java Runtime Environment to continue.
# Native memory allocation (malloc) failed to allocate 2237136896 bytes for committing reserved memory.
# Possible reasons:
#   The system is out of physical RAM or swap space
#   In 32 bit mode, the process size limit was hit
# Possible solutions:
#   Reduce memory load on the system
#   Increase physical memory or swap space
#   Check if swap backing store is full
#   Use 64 bit Java on a 64 bit OS
#   Decrease Java heap size (-Xmx/-Xms)
#   Decrease number of Java threads
#   Decrease Java thread stack sizes (-Xss)
#   Set larger code cache with -XX:ReservedCodeCacheSize=
# This output file may be truncated or incomplete.
#
#  Out of Memory Error (os_linux.cpp:2809), pid=7025, tid=139979701167872
#
# JRE version:  (7.0_79-b14) (build )
# Java VM: OpenJDK 64-Bit Server VM (24.79-b02 mixed mode linux-amd64 compressed oops)
# Derivative: IcedTea 2.5.6
# Distribution: Ubuntu 14.04 LTS, package 7u79-2.5.6-0ubuntu1.14.04.1
# Failed to write core dump. Core dumps have been disabled. To enable core dumping, try "ulimit -c unlimited" before starting Java again
#

---------------  T H R E A D  ---------------

Current thread (0x00007f4f8800a000):  JavaThread "Unknown thread" [_thread_in_vm, id=7069, stack(0x00007f4f904d2000,0x00007f4f905d3000)]

Stack: [0x00007f4f904d2000,0x00007f4f905d3000],  sp=0x00007f4f905d14b0,  free space=1021k
Native frames: (J=compiled Java code, j=interpreted, Vv=VM code, C=native code)
V  [libjvm.so+0x94afd5]  VMError::report_and_die()+0x175
V  [libjvm.so+0x48b9f4]  report_vm_out_of_memory(char const*, int, unsigned long, char const*)+0x74
V  [libjvm.so+0x7c809b]  os::pd_commit_memory(char*, unsigned long, unsigned long, bool)+0xeb
V  [libjvm.so+0x7c2b3f]  os::commit_memory(char*, unsigned long, unsigned long, bool)+0x1f
V  [libjvm.so+0x83503b]  PSVirtualSpace::expand_by(unsigned long)+0x5b
V  [libjvm.so+0x835dab]  PSYoungGen::initialize_virtual_space(ReservedSpace, unsigned long)+0xbb
V  [libjvm.so+0x836480]  PSYoungGen::initialize(ReservedSpace, unsigned long)+0x50
V  [libjvm.so+0x2a5792]  AdjoiningGenerations::AdjoiningGenerations(ReservedSpace, unsigned long, unsigned long, unsigned long, unsigned long, unsigned long, unsigned long, unsigned long)+0x342
V  [libjvm.so+0x7e8590]  ParallelScavengeHeap::initialize()+0x5b0
V  [libjvm.so+0x91ba47]  Universe::initialize_heap()+0xc7
V  [libjvm.so+0x91bd77]  universe_init()+0x67
V  [libjvm.so+0x59d2d5]  init_globals()+0x55
V  [libjvm.so+0x8fe75f]  Threads::create_vm(JavaVMInitArgs*, bool*)+0x35f
V  [libjvm.so+0x608654]  JNI_CreateJavaVM+0x54
C  [libjli.so+0x2b48]


---------------  P R O C E S S  ---------------

Java Threads: ( => current thread )

Other Threads:

=>0x00007f4f8800a000 (exited) JavaThread "Unknown thread" [_thread_in_vm, id=7069, stack(0x00007f4f904d2000,0x00007f4f905d3000)]

VM state:not at safepoint (not fully initialized)

VM Mutex/Monitor currently owned by a thread: None

GC Heap History (0 events):
No events

Deoptimization events (0 events):
No events

Internal exceptions (0 events):
No events

Events (0 events):
No events


Dynamic libraries:
00400000-00401000 r-xp 00000000 ca:01 525640                             /usr/lib/jvm/java-7-openjdk-amd64/jre/bin/java
00600000-00601000 r--p 00000000 ca:01 525640                             /usr/lib/jvm/java-7-openjdk-amd64/jre/bin/java
00601000-00602000 rw-p 00001000 ca:01 525640                             /usr/lib/jvm/java-7-openjdk-amd64/jre/bin/java
0190b000-0192c000 rw-p 00000000 00:00 0                                  [heap]
65ff80000-77aa80000 rw-p 00000000 00:00 0 
7f4f85000000-7f4f85270000 rwxp 00000000 00:00 0 
7f4f85270000-7f4f88022000 rw-p 00000000 00:00 0 
7f4f88022000-7f4f8c000000 ---p 00000000 00:00 0 
7f4f8c1c9000-7f4f8c403000 rw-p 00000000 00:00 0 
7f4f8c403000-7f4f8d103000 rw-p 00000000 00:00 0 
7f4f8d103000-7f4f8d104000 rw-p 00000000 00:00 0 
7f4f8d104000-7f4f8d10c000 r-xp 00000000 ca:01 525561                     /usr/lib/jvm/java-7-openjdk-amd64/jre/lib/amd64/libzip.so
7f4f8d10c000-7f4f8d30b000 ---p 00008000 ca:01 525561                     /usr/lib/jvm/java-7-openjdk-amd64/jre/lib/amd64/libzip.so
7f4f8d30b000-7f4f8d30c000 r--p 00007000 ca:01 525561                     /usr/lib/jvm/java-7-openjdk-amd64/jre/lib/amd64/libzip.so
7f4f8d30c000-7f4f8d30d000 rw-p 00008000 ca:01 525561                     /usr/lib/jvm/java-7-openjdk-amd64/jre/lib/amd64/libzip.so
7f4f8d30d000-7f4f8d318000 r-xp 00000000 ca:01 396074                     /lib/x86_64-linux-gnu/libnss_files-2.19.so
7f4f8d318000-7f4f8d517000 ---p 0000b000 ca:01 396074                     /lib/x86_64-linux-gnu/libnss_files-2.19.so
7f4f8d517000-7f4f8d518000 r--p 0000a000 ca:01 396074                     /lib/x86_64-linux-gnu/libnss_files-2.19.so
7f4f8d518000-7f4f8d519000 rw-p 0000b000 ca:01 396074                     /lib/x86_64-linux-gnu/libnss_files-2.19.so
7f4f8d519000-7f4f8d524000 r-xp 00000000 ca:01 396076                     /lib/x86_64-linux-gnu/libnss_nis-2.19.so
7f4f8d524000-7f4f8d723000 ---p 0000b000 ca:01 396076                     /lib/x86_64-linux-gnu/libnss_nis-2.19.so
7f4f8d723000-7f4f8d724000 r--p 0000a000 ca:01 396076                     /lib/x86_64-linux-gnu/libnss_nis-2.19.so
7f4f8d724000-7f4f8d725000 rw-p 0000b000 ca:01 396076                     /lib/x86_64-linux-gnu/libnss_nis-2.19.so
7f4f8d725000-7f4f8d73c000 r-xp 00000000 ca:01 396071                     /lib/x86_64-linux-gnu/libnsl-2.19.so
7f4f8d73c000-7f4f8d93b000 ---p 00017000 ca:01 396071                     /lib/x86_64-linux-gnu/libnsl-2.19.so
7f4f8d93b000-7f4f8d93c000 r--p 00016000 ca:01 396071                     /lib/x86_64-linux-gnu/libnsl-2.19.so
7f4f8d93c000-7f4f8d93d000 rw-p 00017000 ca:01 396071                     /lib/x86_64-linux-gnu/libnsl-2.19.so
7f4f8d93d000-7f4f8d93f000 rw-p 00000000 00:00 0 
7f4f8d93f000-7f4f8d948000 r-xp 00000000 ca:01 396072                     /lib/x86_64-linux-gnu/libnss_compat-2.19.so
7f4f8d948000-7f4f8db47000 ---p 00009000 ca:01 396072                     /lib/x86_64-linux-gnu/libnss_compat-2.19.so
7f4f8db47000-7f4f8db48000 r--p 00008000 ca:01 396072                     /lib/x86_64-linux-gnu/libnss_compat-2.19.so
7f4f8db48000-7f4f8db49000 rw-p 00009000 ca:01 396072                     /lib/x86_64-linux-gnu/libnss_compat-2.19.so
7f4f8db49000-7f4f8db74000 r-xp 00000000 ca:01 525598                     /usr/lib/jvm/java-7-openjdk-amd64/jre/lib/amd64/libjava.so
7f4f8db74000-7f4f8dd73000 ---p 0002b000 ca:01 525598                     /usr/lib/jvm/java-7-openjdk-amd64/jre/lib/amd64/libjava.so
7f4f8dd73000-7f4f8dd74000 r--p 0002a000 ca:01 525598                     /usr/lib/jvm/java-7-openjdk-amd64/jre/lib/amd64/libjava.so
7f4f8dd74000-7f4f8dd76000 rw-p 0002b000 ca:01 525598                     /usr/lib/jvm/java-7-openjdk-amd64/jre/lib/amd64/libjava.so
7f4f8dd76000-7f4f8dd86000 r-xp 00000000 ca:01 525579                     /usr/lib/jvm/java-7-openjdk-amd64/jre/lib/amd64/libverify.so
7f4f8dd86000-7f4f8df85000 ---p 00010000 ca:01 525579                     /usr/lib/jvm/java-7-openjdk-amd64/jre/lib/amd64/libverify.so
7f4f8df85000-7f4f8df87000 r--p 0000f000 ca:01 525579                     /usr/lib/jvm/java-7-openjdk-amd64/jre/lib/amd64/libverify.so
7f4f8df87000-7f4f8df88000 rw-p 00011000 ca:01 525579                     /usr/lib/jvm/java-7-openjdk-amd64/jre/lib/amd64/libverify.so
7f4f8df88000-7f4f8df8f000 r-xp 00000000 ca:01 396096                     /lib/x86_64-linux-gnu/librt-2.19.so
7f4f8df8f000-7f4f8e18e000 ---p 00007000 ca:01 396096                     /lib/x86_64-linux-gnu/librt-2.19.so
7f4f8e18e000-7f4f8e18f000 r--p 00006000 ca:01 396096                     /lib/x86_64-linux-gnu/librt-2.19.so
7f4f8e18f000-7f4f8e190000 rw-p 00007000 ca:01 396096                     /lib/x86_64-linux-gnu/librt-2.19.so
7f4f8e190000-7f4f8e1a6000 r-xp 00000000 ca:01 396054                     /lib/x86_64-linux-gnu/libgcc_s.so.1
7f4f8e1a6000-7f4f8e3a5000 ---p 00016000 ca:01 396054                     /lib/x86_64-linux-gnu/libgcc_s.so.1
7f4f8e3a5000-7f4f8e3a6000 rw-p 00015000 ca:01 396054                     /lib/x86_64-linux-gnu/libgcc_s.so.1
7f4f8e3a6000-7f4f8e4ab000 r-xp 00000000 ca:01 396063                     /lib/x86_64-linux-gnu/libm-2.19.so
7f4f8e4ab000-7f4f8e6aa000 ---p 00105000 ca:01 396063                     /lib/x86_64-linux-gnu/libm-2.19.so
7f4f8e6aa000-7f4f8e6ab000 r--p 00104000 ca:01 396063                     /lib/x86_64-linux-gnu/libm-2.19.so
7f4f8e6ab000-7f4f8e6ac000 rw-p 00105000 ca:01 396063                     /lib/x86_64-linux-gnu/libm-2.19.so
7f4f8e6ac000-7f4f8e792000 r-xp 00000000 ca:01 284                        /usr/lib/x86_64-linux-gnu/libstdc++.so.6.0.19
7f4f8e792000-7f4f8e991000 ---p 000e6000 ca:01 284                        /usr/lib/x86_64-linux-gnu/libstdc++.so.6.0.19
7f4f8e991000-7f4f8e999000 r--p 000e5000 ca:01 284                        /usr/lib/x86_64-linux-gnu/libstdc++.so.6.0.19
7f4f8e999000-7f4f8e99b000 rw-p 000ed000 ca:01 284                        /usr/lib/x86_64-linux-gnu/libstdc++.so.6.0.19
7f4f8e99b000-7f4f8e9b0000 rw-p 00000000 00:00 0 
7f4f8e9b0000-7f4f8f4c9000 r-xp 00000000 ca:01 525567                     /usr/lib/jvm/java-7-openjdk-amd64/jre/lib/amd64/server/libjvm.so
7f4f8f4c9000-7f4f8f6c9000 ---p 00b19000 ca:01 525567                     /usr/lib/jvm/java-7-openjdk-amd64/jre/lib/amd64/server/libjvm.so
7f4f8f6c9000-7f4f8f763000 r--p 00b19000 ca:01 525567                     /usr/lib/jvm/java-7-openjdk-amd64/jre/lib/amd64/server/libjvm.so
7f4f8f763000-7f4f8f786000 rw-p 00bb3000 ca:01 525567                     /usr/lib/jvm/java-7-openjdk-amd64/jre/lib/amd64/server/libjvm.so
7f4f8f786000-7f4f8f7b4000 rw-p 00000000 00:00 0 
7f4f8f7b4000-7f4f8f7cc000 r-xp 00000000 ca:01 396113                     /lib/x86_64-linux-gnu/libz.so.1.2.8
7f4f8f7cc000-7f4f8f9cb000 ---p 00018000 ca:01 396113                     /lib/x86_64-linux-gnu/libz.so.1.2.8
7f4f8f9cb000-7f4f8f9cc000 r--p 00017000 ca:01 396113                     /lib/x86_64-linux-gnu/libz.so.1.2.8
7f4f8f9cc000-7f4f8f9cd000 rw-p 00018000 ca:01 396113                     /lib/x86_64-linux-gnu/libz.so.1.2.8
7f4f8f9cd000-7f4f8f9e6000 r-xp 00000000 ca:01 396093                     /lib/x86_64-linux-gnu/libpthread-2.19.so
7f4f8f9e6000-7f4f8fbe5000 ---p 00019000 ca:01 396093                     /lib/x86_64-linux-gnu/libpthread-2.19.so
7f4f8fbe5000-7f4f8fbe6000 r--p 00018000 ca:01 396093                     /lib/x86_64-linux-gnu/libpthread-2.19.so
7f4f8fbe6000-7f4f8fbe7000 rw-p 00019000 ca:01 396093                     /lib/x86_64-linux-gnu/libpthread-2.19.so
7f4f8fbe7000-7f4f8fbeb000 rw-p 00000000 00:00 0 
7f4f8fbeb000-7f4f8fbee000 r-xp 00000000 ca:01 396049                     /lib/x86_64-linux-gnu/libdl-2.19.so
7f4f8fbee000-7f4f8fded000 ---p 00003000 ca:01 396049                     /lib/x86_64-linux-gnu/libdl-2.19.so
7f4f8fded000-7f4f8fdee000 r--p 00002000 ca:01 396049                     /lib/x86_64-linux-gnu/libdl-2.19.so
7f4f8fdee000-7f4f8fdef000 rw-p 00003000 ca:01 396049                     /lib/x86_64-linux-gnu/libdl-2.19.so
7f4f8fdef000-7f4f8ffaa000 r-xp 00000000 ca:01 396040                     /lib/x86_64-linux-gnu/libc-2.19.so
7f4f8ffaa000-7f4f901a9000 ---p 001bb000 ca:01 396040                     /lib/x86_64-linux-gnu/libc-2.19.so
7f4f901a9000-7f4f901ad000 r--p 001ba000 ca:01 396040                     /lib/x86_64-linux-gnu/libc-2.19.so
7f4f901ad000-7f4f901af000 rw-p 001be000 ca:01 396040                     /lib/x86_64-linux-gnu/libc-2.19.so
7f4f901af000-7f4f901b4000 rw-p 00000000 00:00 0 
7f4f901b4000-7f4f901c1000 r-xp 00000000 ca:01 525564                     /usr/lib/jvm/java-7-openjdk-amd64/jre/lib/amd64/jli/libjli.so
7f4f901c1000-7f4f903c0000 ---p 0000d000 ca:01 525564                     /usr/lib/jvm/java-7-openjdk-amd64/jre/lib/amd64/jli/libjli.so
7f4f903c0000-7f4f903c1000 r--p 0000c000 ca:01 525564                     /usr/lib/jvm/java-7-openjdk-amd64/jre/lib/amd64/jli/libjli.so
7f4f903c1000-7f4f903c2000 rw-p 0000d000 ca:01 525564                     /usr/lib/jvm/java-7-openjdk-amd64/jre/lib/amd64/jli/libjli.so
7f4f903c2000-7f4f903e5000 r-xp 00000000 ca:01 396030                     /lib/x86_64-linux-gnu/ld-2.19.so
7f4f90410000-7f4f9041c000 rw-p 00000000 00:00 0 
7f4f9041c000-7f4f904d2000 rw-p 00000000 00:00 0 
7f4f904d2000-7f4f904d5000 ---p 00000000 00:00 0 
7f4f904d5000-7f4f905d8000 rw-p 00000000 00:00 0                          [stack:7069]
7f4f905d8000-7f4f905e0000 rw-s 00000000 ca:01 528245                     /tmp/hsperfdata_ubuntu/7025
7f4f905e0000-7f4f905e1000 rw-p 00000000 00:00 0 
7f4f905e1000-7f4f905e2000 r--p 00000000 00:00 0 
7f4f905e2000-7f4f905e4000 rw-p 00000000 00:00 0 
7f4f905e4000-7f4f905e5000 r--p 00022000 ca:01 396030                     /lib/x86_64-linux-gnu/ld-2.19.so
7f4f905e5000-7f4f905e6000 rw-p 00023000 ca:01 396030                     /lib/x86_64-linux-gnu/ld-2.19.so
7f4f905e6000-7f4f905e7000 rw-p 00000000 00:00 0 
7fffbb3b1000-7fffbb3d2000 rw-p 00000000 00:00 0                          [stack]
7fffbb3e6000-7fffbb3e8000 r-xp 00000000 00:00 0                          [vdso]
ffffffffff600000-ffffffffff601000 r-xp 00000000 00:00 0                  [vsyscall]

VM Arguments:
jvm_args: -Xms6400M -Xmx6400M -XX:MaxPermSize=256m 
java_command: org.apache.spark.deploy.SparkSubmit --master spark://ip-172-31-45-91:7077 --conf spark.driver.memory=6400M --executor-memory 6400M pyspark-shell
Launcher Type: SUN_STANDARD

Environment Variables:
JAVA_HOME=/usr
PATH=/usr/local/sbin:/usr/local/bin:/usr/sbin:/usr/bin:/sbin:/bin:/usr/games:/usr/local/games:/usr/bin:/usr/local/hadoop/bin:/usr/bin:/usr/local/hadoop/bin:/usr/local/spark/bin:/usr/bin:/usr/local/hadoop/bin:/usr/local/spark/bin:/usr/bin:/usr/local/hadoop/bin:/usr/local/spark/bin
SHELL=/bin/bash

Signal Handlers:
SIGSEGV: [libjvm.so+0x94bab0], sa_mask[0]=0x7ffbfeff, sa_flags=0x10000004
SIGBUS: [libjvm.so+0x94bab0], sa_mask[0]=0x7ffbfeff, sa_flags=0x10000004
SIGFPE: [libjvm.so+0x7c38b0], sa_mask[0]=0x7ffbfeff, sa_flags=0x10000004
SIGPIPE: [libjvm.so+0x7c38b0], sa_mask[0]=0x7ffbfeff, sa_flags=0x10000004
SIGXFSZ: [libjvm.so+0x7c38b0], sa_mask[0]=0x7ffbfeff, sa_flags=0x10000004
SIGILL: [libjvm.so+0x7c38b0], sa_mask[0]=0x7ffbfeff, sa_flags=0x10000004
SIGUSR1: SIG_DFL, sa_mask[0]=0x00000000, sa_flags=0x00000000
SIGUSR2: [libjvm.so+0x7c3750], sa_mask[0]=0x00000000, sa_flags=0x10000004
SIGHUP: SIG_DFL, sa_mask[0]=0x00000000, sa_flags=0x00000000
SIGINT: SIG_IGN, sa_mask[0]=0x00000000, sa_flags=0x00000000
SIGTERM: SIG_DFL, sa_mask[0]=0x00000000, sa_flags=0x00000000
SIGQUIT: SIG_DFL, sa_mask[0]=0x00000000, sa_flags=0x00000000
SIGTRAP: SIG_DFL, sa_mask[0]=0x00000000, sa_flags=0x00000000


---------------  S Y S T E M  ---------------

OS:Ubuntu 14.04 (trusty)
uname:Linux 3.13.0-48-generic #80-Ubuntu SMP Thu Mar 12 11:16:15 UTC 2015 x86_64
libc:glibc 2.19 NPTL 2.19 
rlimit: STACK 8192k, CORE 0k, NPROC 63794, NOFILE 4096, AS infinity
load average:1.90 2.27 2.30

/proc/meminfo:
MemTotal:        8175600 kB
MemFree:          163156 kB
Buffers:           66460 kB
Cached:           533512 kB
SwapCached:            0 kB
Active:          7517748 kB
Inactive:         300660 kB
Active(anon):    7218620 kB
Inactive(anon):      324 kB
Active(file):     299128 kB
Inactive(file):   300336 kB
Unevictable:           0 kB
Mlocked:               0 kB
SwapTotal:             0 kB
SwapFree:              0 kB
Dirty:               148 kB
Writeback:             0 kB
AnonPages:       7218460 kB
Mapped:            29172 kB
Shmem:               404 kB
Slab:             100908 kB
SReclaimable:      82176 kB
SUnreclaim:        18732 kB
KernelStack:        3776 kB
PageTables:        22112 kB
NFS_Unstable:          0 kB
Bounce:                0 kB
WritebackTmp:          0 kB
CommitLimit:     4087800 kB
Committed_AS:   16514328 kB
VmallocTotal:   34359738367 kB
VmallocUsed:       16204 kB
VmallocChunk:   34359716651 kB
HardwareCorrupted:     0 kB
AnonHugePages:   5351424 kB
HugePages_Total:       0
HugePages_Free:        0
HugePages_Rsvd:        0
HugePages_Surp:        0
Hugepagesize:       2048 kB
DirectMap4k:       30720 kB
DirectMap2M:     8488960 kB


CPU:total 2 (1 cores per cpu, 2 threads per core) family 6 model 63 stepping 2, cmov, cx8, fxsr, mmx, sse, sse2, sse3, ssse3, sse4.1, sse4.2, popcnt, avx, avx2, aes, erms, ht, tsc

/proc/cpuinfo:
processor	: 0
vendor_id	: GenuineIntel
cpu family	: 6
model		: 63
model name	: Intel(R) Xeon(R) CPU E5-2676 v3 @ 2.40GHz
stepping	: 2
microcode	: 0x2b
cpu MHz		: 2400.092
cache size	: 30720 KB
physical id	: 0
siblings	: 2
core id		: 0
cpu cores	: 1
apicid		: 0
initial apicid	: 0
fpu		: yes
fpu_exception	: yes
cpuid level	: 13
wp		: yes
flags		: fpu vme de pse tsc msr pae mce cx8 apic sep mtrr pge mca cmov pat pse36 clflush mmx fxsr sse sse2 ht syscall nx rdtscp lm constant_tsc rep_good nopl xtopology eagerfpu pni pclmulqdq ssse3 fma cx16 pcid sse4_1 sse4_2 x2apic movbe popcnt tsc_deadline_timer aes xsave avx f16c rdrand hypervisor lahf_lm abm xsaveopt fsgsbase bmi1 avx2 smep bmi2 erms invpcid
bogomips	: 4800.18
clflush size	: 64
cache_alignment	: 64
address sizes	: 46 bits physical, 48 bits virtual
power management:

processor	: 1
vendor_id	: GenuineIntel
cpu family	: 6
model		: 63
model name	: Intel(R) Xeon(R) CPU E5-2676 v3 @ 2.40GHz
stepping	: 2
microcode	: 0x2b
cpu MHz		: 2400.092
cache size	: 30720 KB
physical id	: 0
siblings	: 2
core id		: 0
cpu cores	: 1
apicid		: 1
initial apicid	: 1
fpu		: yes
fpu_exception	: yes
cpuid level	: 13
wp		: yes
flags		: fpu vme de pse tsc msr pae mce cx8 apic sep mtrr pge mca cmov pat pse36 clflush mmx fxsr sse sse2 ht syscall nx rdtscp lm constant_tsc rep_good nopl xtopology eagerfpu pni pclmulqdq ssse3 fma cx16 pcid sse4_1 sse4_2 x2apic movbe popcnt tsc_deadline_timer aes xsave avx f16c rdrand hypervisor lahf_lm abm xsaveopt fsgsbase bmi1 avx2 smep bmi2 erms invpcid
bogomips	: 4800.18
clflush size	: 64
cache_alignment	: 64
address sizes	: 46 bits physical, 48 bits virtual
power management:



Memory: 4k page, physical 8175600k(163156k free), swap 0k(0k free)

vm_info: OpenJDK 64-Bit Server VM (24.79-b02) for linux-amd64 JRE (1.7.0_79-b14), built on Jul 24 2015 08:15:54 by "buildd" with gcc 4.8.2

time: Sun Sep 27 18:07:48 2015
elapsed time: 0 seconds

